Start testing: Jul 15 12:17 CEST
----------------------------------------------------------
1/1 Testing: test_funcs
1/1 Test: test_funcs
Command: "/home/sajad/projects/GP_cpp/build/test/test_funcs"
Directory: /home/sajad/projects/GP_cpp/build/test
"test_funcs" start time: Jul 15 12:17 CEST
Output:
----------------------------------------------------------
terminate called after throwing an instance of 'alglib::ap_error'
<end of output>
Test time =   0.12 sec
----------------------------------------------------------
Test Failed.
"test_funcs" end time: Jul 15 12:17 CEST
"test_funcs" time elapsed: 00:00:00
----------------------------------------------------------

End testing: Jul 15 12:17 CEST
